<?xml version="1.0" encoding="UTF-8"?>
<!-- Generated by org.testng.reporters.JUnitReportReporter -->
<testsuite skipped="0" hostname="Pratiksha-VAIO" name="TestCases.TC03" tests="1" failures="0" timestamp="14 Jul 2018 05:40:10 GMT" time="0.024" errors="0">
  <testcase name="m1" time="0.024" classname="TestCases.TC03"/>
</testsuite> <!-- TestCases.TC03 -->
