<?xml version="1.0" encoding="UTF-8"?>
<!-- Generated by org.testng.reporters.JUnitReportReporter -->
<testsuite skipped="0" hostname="Pratiksha-VAIO" name="TestCases.TC03" tests="2" failures="0" timestamp="16 Jul 2018 17:22:05 GMT" time="113.774" errors="0">
  <testcase name="m1" time="113.768" classname="TestCases.TC03"/>
  <testcase name="m2" time="0.006" classname="TestCases.TC03"/>
</testsuite> <!-- TestCases.TC03 -->
