<?xml version="1.0" encoding="UTF-8"?>
<!-- Generated by org.testng.reporters.JUnitReportReporter -->
<testsuite skipped="0" hostname="Pratiksha-VAIO" name="TestCases.TestCase01" tests="2" failures="0" timestamp="07 Jul 2018 10:16:47 GMT" time="11.623" errors="0">
  <testcase name="login" time="7.132" classname="TestCases.TestCase01"/>
  <testcase name="login" time="4.491" classname="TestCases.TestCase01"/>
</testsuite> <!-- TestCases.TestCase01 -->
