<?xml version="1.0" encoding="UTF-8"?>
<!-- Generated by org.testng.reporters.JUnitReportReporter -->
<testsuite skipped="0" hostname="Pratiksha-VAIO" name="TestCases.TestCase01" tests="2" failures="0" timestamp="17 Jul 2018 09:08:20 GMT" time="46.020" errors="0">
  <testcase name="initialize" time="30.347" classname="TestCases.TestCase01"/>
  <testcase name="register" time="15.673" classname="TestCases.TestCase01"/>
</testsuite> <!-- TestCases.TestCase01 -->
