<?xml version="1.0" encoding="UTF-8"?>
<!-- Generated by org.testng.reporters.JUnitReportReporter -->
<testsuite skipped="0" hostname="Pratiksha-VAIO" name="TestCases.TestCase01" tests="2" failures="0" timestamp="08 Jul 2018 06:42:45 GMT" time="42.500" errors="0">
  <testcase name="initialize" time="26.176" classname="TestCases.TestCase01"/>
  <testcase name="register" time="16.324" classname="TestCases.TestCase01"/>
</testsuite> <!-- TestCases.TestCase01 -->
