<?xml version="1.0" encoding="UTF-8"?>
<!-- Generated by org.testng.reporters.JUnitReportReporter -->
<testsuite skipped="0" hostname="Pratiksha-VAIO" name="TestCases.TestCase02" tests="2" failures="0" timestamp="09 Jul 2018 11:18:49 GMT" time="22.386" errors="0">
  <testcase name="initialization" time="20.303" classname="TestCases.TestCase02"/>
  <testcase name="t" time="2.083" classname="TestCases.TestCase02"/>
</testsuite> <!-- TestCases.TestCase02 -->
