<?xml version="1.0" encoding="UTF-8"?>
<!-- Generated by org.testng.reporters.JUnitReportReporter -->
<testsuite skipped="0" hostname="Pratiksha-VAIO" name="TestCases.TestCase02" tests="2" failures="0" timestamp="16 Jul 2018 17:22:05 GMT" time="62.150" errors="0">
  <testcase name="initialization" time="62.026" classname="TestCases.TestCase02"/>
  <testcase name="t" time="0.124" classname="TestCases.TestCase02"/>
</testsuite> <!-- TestCases.TestCase02 -->
